*** Using Compiler 'V5.06 update 7 (build 960)', folder: 'D:\SoftWare\keil5.37\core\ARM\AC5\Bin'
Build target 'Target 1'
compiling SysTick.c...
.\APP\rs485\rs485.h(15): warning:  #1295-D: Deprecated declaration TIM4_Init - give arg types
  extern void TIM4_Init();
Public\SysTick.c(298): warning:  #177-D: variable "ucCount1s"  was declared but never referenced
  	static uint16_t ucCount1s = 150;
Public\SysTick.c(299): warning:  #177-D: variable "Systimes"  was declared but never referenced
  	static uint8_t  Systimes = 200;
Public\SysTick.c(300): warning:  #177-D: variable "ucCount2s"  was declared but never referenced
    static uint16_t ucCount2s = 300;     //20
Public\SysTick.c(301): warning:  #177-D: variable "ucCount3s"  was declared but never referenced
  	 static uint16_t ucCount3s = 50;     //20
Public\SysTick.c(302): warning:  #177-D: variable "ucCount5s"  was declared but never referenced
    static uint16_t ucCount5s = 1000;    //50   35
Public\SysTick.c(303): warning:  #177-D: variable "ucCount15s"  was declared but never referenced
  	static uint16_t ucCount15s = 12000;
Public\SysTick.c(304): warning:  #177-D: variable "ucCount200ms"  was declared but never referenced
  	 static uint16_t ucCount200ms = 100;
Public\SysTick.c(306): warning:  #177-D: variable "i"  was declared but never referenced
  static uint8_t i = 0;
Public\SysTick.c(307): warning:  #177-D: variable "beepCount200ms"  was declared but never referenced
  	static uint16_t beepCount200ms = 40;
Public\SysTick.c(309): warning:  #177-D: variable "Count1S"  was declared but never referenced
  	 static uint16_t Count1S = 40;
Public\SysTick.c(311): warning:  #177-D: variable "jiance"  was declared but never referenced
    static uint8_t jiance = 0;
Public\SysTick.c(312): warning:  #177-D: variable "count"  was declared but never referenced
  	static int count = 0;
Public\SysTick.c(314): warning:  #177-D: variable "Count2S"  was declared but never referenced
  		 static uint16_t Count2S = 400;
Public\SysTick.c(316): warning:  #177-D: variable "Ret"  was declared but never referenced
  		static uint8_t Ret = 0;
Public\SysTick.c(317): warning:  #177-D: variable "timeout"  was declared but never referenced
  	static uint16_t timeout = 0;
Public\SysTick.c(347): warning:  #1295-D: Deprecated declaration Machine_DoAngle - give arg types
  static void  Machine_DoAngle();
Public\SysTick.c(500): warning:  #188-D: enumerated type mixed with another type
                           Beep_SetbeepStatus(LED_ID_END_WORK,1);
Public\SysTick.c(434): warning:  #177-D: variable "ucCount500ms"  was declared but never referenced
      static uint8_t ucCount500ms  = 0 ;
Public\SysTick.c(747): warning:  #188-D: enumerated type mixed with another type
                           Beep_SetbeepStatus(LED_ID_END_WORK,1);
Public\SysTick.c(695): warning:  #177-D: variable "ucCount500ms"  was declared but never referenced
      static uint8_t ucCount500ms  = 0 ;
Public\SysTick.c(697): warning:  #177-D: variable "ucTrueCount"  was declared but never referenced
     static uint8_t  ucTrueCount = 0;
Public\SysTick.c: 22 warnings, 0 errors
linking...
Program Size: Code=95756 RO-data=1244 RW-data=1980 ZI-data=42020  
FromELF: creating hex file...
".\Obj\Template.axf" - 0 Error(s), 22 Warning(s).
Build Time Elapsed:  00:00:04
